Using pre-set license
Built from '2022.3/staging' branch; Version is '2022.3.21f1 (bf09ca542b87) revision 12519882'; Using compiler version '192829333'; Build Type 'Release'
OS: 'Windows 10  (10.0.19045) 64bit Core' Language: 'ja' Physical Memory: 32628 MB
BatchMode: 1, IsHumanControllingUs: 0, StartBugReporterOnCrash: 0, Is64bit: 1, IsPro: 1

COMMAND LINE ARGUMENTS:
C:\Program Files\Unity\Hub\Editor\2022.3.21f1\Editor\Unity.exe
-adb2
-batchMode
-noUpm
-name
AssetImportWorker0
-projectPath
C:/Users/otkdell/Documents/GitHub/Simulation-of-Universal-Gravitation/Simulation_of_Universal_Gravitation
-logFile
Logs/AssetImportWorker0.log
-srvPort
54821
Successfully changed project path to: C:/Users/otkdell/Documents/GitHub/Simulation-of-Universal-Gravitation/Simulation_of_Universal_Gravitation
C:/Users/otkdell/Documents/GitHub/Simulation-of-Universal-Gravitation/Simulation_of_Universal_Gravitation
[UnityMemory] Configuration Parameters - Can be set up in boot.config
    "memorysetup-bucket-allocator-granularity=16"
    "memorysetup-bucket-allocator-bucket-count=8"
    "memorysetup-bucket-allocator-block-size=33554432"
    "memorysetup-bucket-allocator-block-count=8"
    "memorysetup-main-allocator-block-size=16777216"
    "memorysetup-thread-allocator-block-size=16777216"
    "memorysetup-gfx-main-allocator-block-size=16777216"
    "memorysetup-gfx-thread-allocator-block-size=16777216"
    "memorysetup-cache-allocator-block-size=4194304"
    "memorysetup-typetree-allocator-block-size=2097152"
    "memorysetup-profiler-bucket-allocator-granularity=16"
    "memorysetup-profiler-bucket-allocator-bucket-count=8"
    "memorysetup-profiler-bucket-allocator-block-size=33554432"
    "memorysetup-profiler-bucket-allocator-block-count=8"
    "memorysetup-profiler-allocator-block-size=16777216"
    "memorysetup-profiler-editor-allocator-block-size=1048576"
    "memorysetup-temp-allocator-size-main=16777216"
    "memorysetup-job-temp-allocator-block-size=2097152"
    "memorysetup-job-temp-allocator-block-size-background=1048576"
    "memorysetup-job-temp-allocator-reduction-small-platforms=262144"
    "memorysetup-allocator-temp-initial-block-size-main=262144"
    "memorysetup-allocator-temp-initial-block-size-worker=262144"
    "memorysetup-temp-allocator-size-background-worker=32768"
    "memorysetup-temp-allocator-size-job-worker=262144"
    "memorysetup-temp-allocator-size-preload-manager=33554432"
    "memorysetup-temp-allocator-size-nav-mesh-worker=65536"
    "memorysetup-temp-allocator-size-audio-worker=65536"
    "memorysetup-temp-allocator-size-cloud-worker=32768"
    "memorysetup-temp-allocator-size-gi-baking-worker=262144"
    "memorysetup-temp-allocator-size-gfx=262144"
Player connection [5112] Host "[IP] 192.168.1.15 [Port] 0 [Flags] 2 [Guid] 1602005515 [EditorId] 1602005515 [Version] 1048832 [Id] WindowsEditor(7,DESKTOP-O2TT6O7) [Debug] 1 [PackageName] WindowsEditor [ProjectName] Editor" joined multi-casting on [225.0.0.222:54997]...

Player connection [5112] Host "[IP] 192.168.1.15 [Port] 0 [Flags] 2 [Guid] 1602005515 [EditorId] 1602005515 [Version] 1048832 [Id] WindowsEditor(7,DESKTOP-O2TT6O7) [Debug] 1 [PackageName] WindowsEditor [ProjectName] Editor" joined alternative multi-casting on [225.0.0.222:34997]...

[Physics::Module] Initialized MultithreadedJobDispatcher with 7 workers.
Refreshing native plugins compatible for Editor in 7.25 ms, found 2 plugins.
Preloading 0 native plugins for Editor in 0.00 ms.
Initialize engine version: 2022.3.21f1 (bf09ca542b87)
[Subsystems] Discovering subsystems at path C:/Program Files/Unity/Hub/Editor/2022.3.21f1/Editor/Data/Resources/UnitySubsystems
[Subsystems] Discovering subsystems at path C:/Users/otkdell/Documents/GitHub/Simulation-of-Universal-Gravitation/Simulation_of_Universal_Gravitation/Assets
GfxDevice: creating device client; threaded=0; jobified=0
Direct3D:
    Version:  Direct3D 11.0 [level 11.1]
    Renderer: NVIDIA GeForce GTX 1050 (ID=0x1c8d)
    Vendor:   NVIDIA
    VRAM:     4018 MB
    Driver:   31.0.15.2737
Initialize mono
Mono path[0] = 'C:/Program Files/Unity/Hub/Editor/2022.3.21f1/Editor/Data/Managed'
Mono path[1] = 'C:/Program Files/Unity/Hub/Editor/2022.3.21f1/Editor/Data/MonoBleedingEdge/lib/mono/unityjit-win32'
Mono config path = 'C:/Program Files/Unity/Hub/Editor/2022.3.21f1/Editor/Data/MonoBleedingEdge/etc'
Using monoOptions --debugger-agent=transport=dt_socket,embedding=1,server=y,suspend=n,address=127.0.0.1:56280
Begin MonoManager ReloadAssembly
Registering precompiled unity dll's ...
Register platform support module: C:/Program Files/Unity/Hub/Editor/2022.3.21f1/Editor/Data/PlaybackEngines/WindowsStandaloneSupport/UnityEditor.WindowsStandalone.Extensions.dll
Registered in 0.018140 seconds.
- Loaded All Assemblies, in  0.720 seconds
Native extension for WindowsStandalone target not found
Mono: successfully reloaded assembly
- Finished resetting the current domain, in  0.490 seconds
Domain Reload Profiling: 1206ms
	BeginReloadAssembly (243ms)
		ExecutionOrderSort (0ms)
		DisableScriptedObjects (0ms)
		BackupInstance (0ms)
		ReleaseScriptingObjects (0ms)
		CreateAndSetChildDomain (1ms)
	RebuildCommonClasses (64ms)
	RebuildNativeTypeToScriptingClass (23ms)
	initialDomainReloadingComplete (116ms)
	LoadAllAssembliesAndSetupDomain (270ms)
		LoadAssemblies (233ms)
		RebuildTransferFunctionScriptingTraits (0ms)
		AnalyzeDomain (267ms)
			TypeCache.Refresh (265ms)
				TypeCache.ScanAssembly (239ms)
			ScanForSourceGeneratedMonoScriptInfo (1ms)
			ResolveRequiredComponents (1ms)
	FinalizeReload (491ms)
		ReleaseScriptCaches (0ms)
		RebuildScriptCaches (0ms)
		SetupLoadedEditorAssemblies (384ms)
			LogAssemblyErrors (0ms)
			InitializePlatformSupportModulesInManaged (15ms)
			SetLoadedEditorAssemblies (12ms)
			RefreshPlugins (0ms)
			BeforeProcessingInitializeOnLoad (3ms)
			ProcessInitializeOnLoadAttributes (266ms)
			ProcessInitializeOnLoadMethodAttributes (87ms)
			AfterProcessingInitializeOnLoad (0ms)
			EditorAssembliesLoaded (0ms)
		ExecutionOrderSort2 (0ms)
		AwakeInstancesAfterBackupRestoration (0ms)
========================================================================
Worker process is ready to serve import requests
Begin MonoManager ReloadAssembly
- Loaded All Assemblies, in  0.682 seconds
Refreshing native plugins compatible for Editor in 2.45 ms, found 2 plugins.
Native extension for WindowsStandalone target not found
Package Manager log level set to [2]
[Package Manager] Server::EnsureServerProcessIsRunning -- launch failed, reason: Unity was launched with the -noUpm command-line argument
[Package Manager] UpmClient::Send -- Unable to send message (not connected to UPM process).
[Package Manager] Cannot connect to Unity Package Manager local server
Mono: successfully reloaded assembly
- Finished resetting the current domain, in  0.683 seconds
Domain Reload Profiling: 1361ms
	BeginReloadAssembly (206ms)
		ExecutionOrderSort (0ms)
		DisableScriptedObjects (7ms)
		BackupInstance (0ms)
		ReleaseScriptingObjects (0ms)
		CreateAndSetChildDomain (29ms)
	RebuildCommonClasses (49ms)
	RebuildNativeTypeToScriptingClass (15ms)
	initialDomainReloadingComplete (61ms)
	LoadAllAssembliesAndSetupDomain (347ms)
		LoadAssemblies (339ms)
		RebuildTransferFunctionScriptingTraits (0ms)
		AnalyzeDomain (126ms)
			TypeCache.Refresh (110ms)
				TypeCache.ScanAssembly (93ms)
			ScanForSourceGeneratedMonoScriptInfo (11ms)
			ResolveRequiredComponents (3ms)
	FinalizeReload (684ms)
		ReleaseScriptCaches (0ms)
		RebuildScriptCaches (0ms)
		SetupLoadedEditorAssemblies (499ms)
			LogAssemblyErrors (0ms)
			InitializePlatformSupportModulesInManaged (8ms)
			SetLoadedEditorAssemblies (3ms)
			RefreshPlugins (0ms)
			BeforeProcessingInitializeOnLoad (64ms)
			ProcessInitializeOnLoadAttributes (382ms)
			ProcessInitializeOnLoadMethodAttributes (29ms)
			AfterProcessingInitializeOnLoad (13ms)
			EditorAssembliesLoaded (0ms)
		ExecutionOrderSort2 (0ms)
		AwakeInstancesAfterBackupRestoration (10ms)
Launched and connected shader compiler UnityShaderCompiler.exe after 0.06 seconds
Refreshing native plugins compatible for Editor in 3.53 ms, found 2 plugins.
Preloading 0 native plugins for Editor in 0.00 ms.
Unloading 1540 Unused Serialized files (Serialized files now loaded: 0)
Unloading 34 unused Assets / (1.3 MB). Loaded Objects now: 2001.
Memory consumption went from 96.5 MB to 95.2 MB.
Total: 4.556500 ms (FindLiveObjects: 0.253900 ms CreateObjectMapping: 0.116900 ms MarkObjects: 3.878700 ms  DeleteObjects: 0.305600 ms)

AssetImportParameters requested are different than current active one (requested -> active):
  custom:video-encoder-webm-vp8: eb34c28f22e8b96e1ab97ce403110664 -> 
  custom:video-decoder-webm-vp8: 9c59270c3fd7afecdb556c50c9e8de78 -> 
  custom:audio-decoder-ogg-vorbis: bf7c407c2cedff20999df2af8eb42d56 -> 
  custom:SearchIndexIgnoredProperties: e643bd26f0fe6173181afceb89e7c659 -> 
  custom:container-demuxer-ogg: 62fdf1f143b41e24485cea50d1cbac27 -> 
  custom:AudioImporter_EditorPlatform: d09bf68614088b80899f8185d706f6e7 -> 
  custom:CustomObjectIndexerAttribute: 9a22284fe3817be447336de3de66b15e -> 
  custom:container-demuxer-webm: 4f35f7cbe854078d1ac9338744f61a02 -> 
  custom:video-codec-MediaFoundation-h265: 746d11721c4dcdbdad8f713fa42b33f4 -> 
  custom:video-decoder-ogg-theora: a1e56fd34408186e4bbccfd4996cb3dc -> 
  custom:audio-encoder-webm-vorbis: bf7c407c2cedff20999df2af8eb42d56 -> 
  custom:framework-win-MediaFoundation: 216162199b28c13a410421893ffa2e32 -> 
  custom:container-muxer-webm: aa71ff27fc2769a1b78a27578f13a17b -> 
========================================================================
Received Import Request.
  Time since last request: 24398.228259 seconds.
  path: Packages/com.unity.postprocessing/PostProcessing/Shaders/Builtins/Dithering.hlsl
  artifactKey: Guid(b17c8e94a77f9a24d80deb0464a28ddd) Importer(815301076,1909f56bfc062723c751e8b465ee728b)
Start importing Packages/com.unity.postprocessing/PostProcessing/Shaders/Builtins/Dithering.hlsl using Guid(b17c8e94a77f9a24d80deb0464a28ddd) Importer(815301076,1909f56bfc062723c751e8b465ee728b)  -> (artifact id: 'e66f582d830476c7291c90da76d5fce6') in 0.017063 seconds
Number of updated asset objects reloaded before import = 0
Number of asset objects unloaded after import = 1
========================================================================
Received Import Request.
  Time since last request: 0.000027 seconds.
  path: Packages/com.unity.postprocessing/PostProcessing/Shaders/Builtins/Fog.hlsl
  artifactKey: Guid(6c5a4cd8abc6e204985ac645b8dad78e) Importer(815301076,1909f56bfc062723c751e8b465ee728b)
Start importing Packages/com.unity.postprocessing/PostProcessing/Shaders/Builtins/Fog.hlsl using Guid(6c5a4cd8abc6e204985ac645b8dad78e) Importer(815301076,1909f56bfc062723c751e8b465ee728b)  -> (artifact id: 'f038a898d5f7a0e90c444433c7dcf71b') in 0.001142 seconds
Number of updated asset objects reloaded before import = 0
Number of asset objects unloaded after import = 1
========================================================================
Received Import Request.
  Time since last request: 0.000015 seconds.
  path: Packages/com.unity.postprocessing/PostProcessing/Shaders/Builtins/Lut3DBaker.compute
  artifactKey: Guid(42496b74c071f5749950ca1abe33e945) Importer(815301076,1909f56bfc062723c751e8b465ee728b)
Start importing Packages/com.unity.postprocessing/PostProcessing/Shaders/Builtins/Lut3DBaker.compute using Guid(42496b74c071f5749950ca1abe33e945) Importer(815301076,1909f56bfc062723c751e8b465ee728b)  -> (artifact id: '42c5fef6778856fdea023d3d473f136b') in 0.001277 seconds
Number of updated asset objects reloaded before import = 0
Number of asset objects unloaded after import = 1
========================================================================
Received Import Request.
  Time since last request: 0.000015 seconds.
  path: Packages/com.unity.postprocessing/PostProcessing/Shaders/Builtins/ExposureHistogram.hlsl
  artifactKey: Guid(e02724c54d545ad439d7a5fa991ae924) Importer(815301076,1909f56bfc062723c751e8b465ee728b)
Start importing Packages/com.unity.postprocessing/PostProcessing/Shaders/Builtins/ExposureHistogram.hlsl using Guid(e02724c54d545ad439d7a5fa991ae924) Importer(815301076,1909f56bfc062723c751e8b465ee728b)  -> (artifact id: '1fbe7f954e12ee331f312dbaf748eff1') in 0.001228 seconds
Number of updated asset objects reloaded before import = 0
Number of asset objects unloaded after import = 1
========================================================================
Received Import Request.
  Time since last request: 0.000090 seconds.
  path: Packages/com.unity.postprocessing/PostProcessing/Shaders/Builtins/DepthOfField.hlsl
  artifactKey: Guid(4ae2d18891fcdd2408b0c1f3f2038c62) Importer(815301076,1909f56bfc062723c751e8b465ee728b)
Start importing Packages/com.unity.postprocessing/PostProcessing/Shaders/Builtins/DepthOfField.hlsl using Guid(4ae2d18891fcdd2408b0c1f3f2038c62) Importer(815301076,1909f56bfc062723c751e8b465ee728b)  -> (artifact id: 'def0ef7f4806095169a59a08c747b1a6') in 0.001534 seconds
Number of updated asset objects reloaded before import = 0
Number of asset objects unloaded after import = 1
========================================================================
Received Import Request.
  Time since last request: 0.000013 seconds.
  path: Packages/com.unity.postprocessing/PostProcessing/Shaders/Builtins/FastApproximateAntialiasing.hlsl
  artifactKey: Guid(817a98c8f709269458e50b65910ed4bc) Importer(815301076,1909f56bfc062723c751e8b465ee728b)
Start importing Packages/com.unity.postprocessing/PostProcessing/Shaders/Builtins/FastApproximateAntialiasing.hlsl using Guid(817a98c8f709269458e50b65910ed4bc) Importer(815301076,1909f56bfc062723c751e8b465ee728b)  -> (artifact id: '7165dc9645fee972b87a793f6b686673') in 0.000943 seconds
Number of updated asset objects reloaded before import = 0
Number of asset objects unloaded after import = 1
========================================================================
Received Import Request.
  Time since last request: 0.000017 seconds.
  path: Packages/com.unity.postprocessing/PostProcessing/Shaders/Builtins/SubpixelMorphologicalAntialiasing.hlsl
  artifactKey: Guid(3e6879594f0f31c42b64e91e59fe78f6) Importer(815301076,1909f56bfc062723c751e8b465ee728b)
Start importing Packages/com.unity.postprocessing/PostProcessing/Shaders/Builtins/SubpixelMorphologicalAntialiasing.hlsl using Guid(3e6879594f0f31c42b64e91e59fe78f6) Importer(815301076,1909f56bfc062723c751e8b465ee728b)  -> (artifact id: 'dff4cd3fe0b79b201d1d5acb0c011dfe') in 0.001450 seconds
Number of updated asset objects reloaded before import = 0
Number of asset objects unloaded after import = 1
========================================================================
Received Import Request.
  Time since last request: 5.405862 seconds.
  path: Assets/Materials/2k_earth_daymap.mat
  artifactKey: Guid(64e4da0a897f50749bf03a5bb7e36232) Importer(815301076,1909f56bfc062723c751e8b465ee728b)
Start importing Assets/Materials/2k_earth_daymap.mat using Guid(64e4da0a897f50749bf03a5bb7e36232) Importer(815301076,1909f56bfc062723c751e8b465ee728b)  -> (artifact id: '2aa3bfd5fc0786f91147eb2dccbf15d9') in 0.191031 seconds
Number of updated asset objects reloaded before import = 0
Number of asset objects unloaded after import = 3
========================================================================
Received Import Request.
  Time since last request: 0.000045 seconds.
  path: Assets/Materials/2k_venus_atmosphere.mat
  artifactKey: Guid(3e20a33f1cf9640459e3bb8b9a17785c) Importer(815301076,1909f56bfc062723c751e8b465ee728b)
Start importing Assets/Materials/2k_venus_atmosphere.mat using Guid(3e20a33f1cf9640459e3bb8b9a17785c) Importer(815301076,1909f56bfc062723c751e8b465ee728b)  -> (artifact id: '83ab2b884daeeb5fe22cf34548ef01c8') in 0.026781 seconds
Number of updated asset objects reloaded before import = 0
Number of asset objects unloaded after import = 2
========================================================================
Received Import Request.
  Time since last request: 305.635348 seconds.
  path: Packages/com.unity.postprocessing/PostProcessing/Shaders/Debug/Histogram.compute
  artifactKey: Guid(18183ebfeeab97749b43e38b928604a7) Importer(815301076,1909f56bfc062723c751e8b465ee728b)
Start importing Packages/com.unity.postprocessing/PostProcessing/Shaders/Debug/Histogram.compute using Guid(18183ebfeeab97749b43e38b928604a7) Importer(815301076,1909f56bfc062723c751e8b465ee728b)  -> (artifact id: 'eee478efb1649b434fc7364bf6d353f0') in 0.001691 seconds
Number of updated asset objects reloaded before import = 0
Number of asset objects unloaded after import = 1
========================================================================
Received Import Request.
  Time since last request: 0.000075 seconds.
  path: Packages/com.unity.postprocessing/PostProcessing/Shaders/Debug/Waveform.compute
  artifactKey: Guid(92c63830cd50c0b4fbb8233613839958) Importer(815301076,1909f56bfc062723c751e8b465ee728b)
Start importing Packages/com.unity.postprocessing/PostProcessing/Shaders/Debug/Waveform.compute using Guid(92c63830cd50c0b4fbb8233613839958) Importer(815301076,1909f56bfc062723c751e8b465ee728b)  -> (artifact id: '0a058b83fdd511bc99b3ec58219fb8e2') in 0.001317 seconds
Number of updated asset objects reloaded before import = 0
Number of asset objects unloaded after import = 1
========================================================================
Received Import Request.
  Time since last request: 15.116873 seconds.
  path: Packages/com.unity.postprocessing/PostProcessing/Shaders/Builtins/SubpixelMorphologicalAntialiasing.shader
  artifactKey: Guid(81af42a93ade3dd46a9b583d4eec76d6) Importer(815301076,1909f56bfc062723c751e8b465ee728b)
Start importing Packages/com.unity.postprocessing/PostProcessing/Shaders/Builtins/SubpixelMorphologicalAntialiasing.shader using Guid(81af42a93ade3dd46a9b583d4eec76d6) Importer(815301076,1909f56bfc062723c751e8b465ee728b)  -> (artifact id: 'aca412bffafeac9edbd4e011ba4d6519') in 0.000774 seconds
Number of updated asset objects reloaded before import = 0
Number of asset objects unloaded after import = 0
